2025-09-15 12:41:26,980 INFO  [org.jboss.modules] (main) JBoss Modules version 2.1.6.Final
2025-09-15 12:41:28,124 INFO  [org.jboss.msc] (main) JBoss MSC version 1.5.6.Final
2025-09-15 12:41:28,136 INFO  [org.jboss.threads] (main) JBoss Threads version 3.9.1
2025-09-15 12:41:28,308 INFO  [org.jboss.as] (MSC service thread 1-4) WFLYSRV0049: WildFly 37.0.1.Final (WildFly Core 29.0.1.Final) starting
2025-09-15 12:41:28,311 DEBUG [org.jboss.as.config] (MSC service thread 1-4) Configured system properties:
	file.encoding = UTF-8
	file.separator = \
	java.awt.headless = true
	java.class.path = C:\TSE\wildfly-37.0.1.Final\jboss-modules.jar
	java.class.version = 68.0
	java.home = C:\Program Files\Java\jdk-24
	java.io.tmpdir = C:\Users\arrib\AppData\Local\Temp\
	java.library.path = C:\Program Files\Java\jdk-24\bin;C:\WINDOWS\Sun\Java\bin;C:\WINDOWS\system32;C:\WINDOWS;C:\Program Files\Common Files\Oracle\Java\javapath;C:\Windows\system32;C:\Windows;C:\Windows\System32\Wbem;C:\Windows\System32\WindowsPowerShell\v1.0\;C:\Windows\System32\OpenSSH\;C:\Program Files\Java\jdk-22\\bin;C:\Program Files\nodejs\;C:\Program Files\Git\cmd;c:\Users\arrib\AppData\Local\Programs\cursor\resources\app\bin;C:\apache-maven-3.9.9\bin;C:\Program Files\Java\jdk-24\bin;;C:\WINDOWS\system32;C:\WINDOWS;C:\WINDOWS\System32\Wbem;C:\WINDOWS\System32\WindowsPowerShell\v1.0\;C:\WINDOWS\System32\OpenSSH\;C:\Users\arrib\AppData\Local\Microsoft\WindowsApps;C:\Users\arrib\AppData\Roaming\npm;C:\Users\arrib\AppData\Local\Programs\Microsoft VS Code\bin;C:\Users\arrib\AppData\Local\GitHubDesktop\bin;C:\Users\arrib\AppData\Local\Programs\cursor\resources\app\bin;.
	java.net.preferIPv4Stack = true
	java.runtime.name = Java(TM) SE Runtime Environment
	java.runtime.version = 24.0.2+12-54
	java.specification.name = Java Platform API Specification
	java.specification.vendor = Oracle Corporation
	java.specification.version = 24
	java.util.logging.manager = org.jboss.logmanager.LogManager
	java.vendor = Oracle Corporation
	java.vendor.url = https://java.oracle.com/
	java.vendor.url.bug = https://bugreport.java.com/bugreport/
	java.version = 24.0.2
	java.version.date = 2025-07-15
	java.vm.compressedOopsMode = 32-bit
	java.vm.info = mixed mode, sharing
	java.vm.name = Java HotSpot(TM) 64-Bit Server VM
	java.vm.specification.name = Java Virtual Machine Specification
	java.vm.specification.vendor = Oracle Corporation
	java.vm.specification.version = 24
	java.vm.vendor = Oracle Corporation
	java.vm.version = 24.0.2+12-54
	javax.management.builder.initial = org.jboss.as.jmx.PluggableMBeanServerBuilder
	jboss.home.dir = C:\TSE\wildfly-37.0.1.Final
	jboss.host.name = vander
	jboss.modules.system.pkgs = org.jboss.byteman
	jboss.node.name = vander
	jboss.qualified.host.name = vander
	jboss.server.base.dir = C:\TSE\wildfly-37.0.1.Final\standalone
	jboss.server.config.dir = C:\TSE\wildfly-37.0.1.Final\standalone\configuration
	jboss.server.data.dir = C:\TSE\wildfly-37.0.1.Final\standalone\data
	jboss.server.log.dir = C:\TSE\wildfly-37.0.1.Final\standalone\log
	jboss.server.name = vander
	jboss.server.persist.config = true
	jboss.server.temp.dir = C:\TSE\wildfly-37.0.1.Final\standalone\tmp
	jboss.threads.eqe.statistics = true
	jdk.debug = release
	jdk.serialFilter = maxbytes=10485760;maxdepth=128;maxarray=100000;maxrefs=300000
	line.separator = 

	logging.configuration = file:C:\TSE\wildfly-37.0.1.Final\standalone\configuration/logging.properties
	module.path = C:\TSE\wildfly-37.0.1.Final\modules
	native.encoding = Cp1252
	org.jboss.boot.log.file = C:\TSE\wildfly-37.0.1.Final\standalone\log\server.log
	org.jboss.resolver.warning = true
	os.arch = amd64
	os.name = Windows 11
	os.version = 10.0
	path.separator = ;
	program.name = standalone.bat
	stderr.encoding = cp437
	stdout.encoding = cp437
	sun.arch.data.model = 64
	sun.boot.library.path = C:\Program Files\Java\jdk-24\bin
	sun.cpu.endian = little
	sun.cpu.isalist = amd64
	sun.io.unicode.encoding = UnicodeLittle
	sun.java.command = C:\TSE\wildfly-37.0.1.Final\jboss-modules.jar -mp C:\TSE\wildfly-37.0.1.Final\modules org.jboss.as.standalone -Djboss.home.dir=C:\TSE\wildfly-37.0.1.Final
	sun.java.launcher = SUN_STANDARD
	sun.jnu.encoding = Cp1252
	sun.management.compiler = HotSpot 64-Bit Tiered Compilers
	sun.os.patch.level = 
	user.country = US
	user.dir = C:\TSE\wildfly-37.0.1.Final\bin
	user.home = C:\Users\arrib
	user.language = en
	user.name = arrib
	user.script = 
	user.timezone = America/Montevideo
	user.variant = 
2025-09-15 12:41:28,313 DEBUG [org.jboss.as.config] (MSC service thread 1-4) VM Arguments: -Dprogram.name=standalone.bat -Xms64M -Xmx512M -Djava.net.preferIPv4Stack=true -Djboss.modules.system.pkgs=org.jboss.byteman -Djava.awt.headless=true -Djdk.serialFilter=maxbytes=10485760;maxdepth=128;maxarray=100000;maxrefs=300000 --add-exports=java.desktop/sun.awt=ALL-UNNAMED --add-exports=java.naming/com.sun.jndi.ldap=ALL-UNNAMED --add-exports=java.naming/com.sun.jndi.url.ldap=ALL-UNNAMED --add-exports=java.naming/com.sun.jndi.url.ldaps=ALL-UNNAMED --add-exports=jdk.naming.dns/com.sun.jndi.dns=ALL-UNNAMED --add-opens=java.base/java.lang=ALL-UNNAMED --add-opens=java.base/java.lang.invoke=ALL-UNNAMED --add-opens=java.base/java.lang.reflect=ALL-UNNAMED --add-opens=java.base/java.io=ALL-UNNAMED --add-opens=java.base/java.net=ALL-UNNAMED --add-opens=java.base/java.security=ALL-UNNAMED --add-opens=java.base/java.util=ALL-UNNAMED --add-opens=java.base/java.util.concurrent=ALL-UNNAMED --add-opens=java.management/javax.management=ALL-UNNAMED --add-opens=java.naming/javax.naming=ALL-UNNAMED -Dorg.jboss.boot.log.file=C:\TSE\wildfly-37.0.1.Final\standalone\log\server.log -Dlogging.configuration=file:C:\TSE\wildfly-37.0.1.Final\standalone\configuration/logging.properties 
2025-09-15 12:41:29,865 INFO  [org.wildfly.security] (Controller Boot Thread) ELY00001: WildFly Elytron version 2.6.4.Final
2025-09-15 12:41:31,102 INFO  [org.jboss.as.server] (Controller Boot Thread) WFLYSRV0039: Creating http management service using socket-binding (management-http)
2025-09-15 12:41:31,127 INFO  [org.xnio] (MSC service thread 1-6) XNIO version 3.8.16.Final
2025-09-15 12:41:31,138 INFO  [org.xnio.nio] (MSC service thread 1-6) XNIO NIO Implementation Version 3.8.16.Final
2025-09-15 12:41:31,199 WARN  [org.jboss.as.txn] (ServerService Thread Pool -- 75) WFLYTX0013: The node-identifier attribute on the /subsystem=transactions is set to the default value. This is a danger for environments running multiple servers. Please make sure the attribute value is unique.
2025-09-15 12:41:31,215 INFO  [org.wildfly.extension.microprofile.jwt.smallrye] (ServerService Thread Pool -- 67) WFLYJWT0001: Activating MicroProfile JWT Subsystem
2025-09-15 12:41:31,220 INFO  [org.wildfly.extension.microprofile.config.smallrye] (ServerService Thread Pool -- 66) WFLYCONF0001: Activating MicroProfile Config Subsystem
2025-09-15 12:41:31,225 INFO  [org.wildfly.extension.elytron.oidc._private] (ServerService Thread Pool -- 54) WFLYOIDC0001: Activating WildFly Elytron OIDC Subsystem
2025-09-15 12:41:31,230 INFO  [org.wildfly.extension.health] (ServerService Thread Pool -- 55) WFLYHEALTH0001: Activating Base Health Subsystem
2025-09-15 12:41:31,240 INFO  [org.jboss.as.clustering.infinispan] (ServerService Thread Pool -- 56) WFLYCLINF0001: Activating Infinispan subsystem.
2025-09-15 12:41:31,255 INFO  [org.jboss.as.jaxrs] (ServerService Thread Pool -- 58) WFLYRS0016: RESTEasy version 6.2.12.Final
2025-09-15 12:41:31,262 INFO  [org.jboss.as.jsf] (ServerService Thread Pool -- 63) WFLYJSF0007: Activated the following Jakarta Server Faces Implementations: [main]
2025-09-15 12:41:31,274 INFO  [org.wildfly.extension.metrics] (ServerService Thread Pool -- 65) WFLYMETRICS0001: Activating Base Metrics Subsystem
2025-09-15 12:41:31,299 INFO  [org.jboss.as.naming] (ServerService Thread Pool -- 68) WFLYNAM0001: Activating Naming Subsystem
2025-09-15 12:41:31,337 INFO  [org.jboss.as.webservices] (ServerService Thread Pool -- 77) WFLYWS0002: Activating WebServices Extension
2025-09-15 12:41:31,373 INFO  [org.wildfly.extension.io] (ServerService Thread Pool -- 57) WFLYIO001: Worker 'default' has auto-configured to 16 IO threads with 128 max task threads based on your 8 available processors
2025-09-15 12:41:31,432 INFO  [org.jboss.as.server.deployment] (MSC service thread 1-8) WFLYSRV0027: Starting deployment of "tse-wildfly-app.war" (runtime-name: "tse-wildfly-app.war")
2025-09-15 12:41:31,440 INFO  [org.jboss.as.connector.subsystems.datasources] (ServerService Thread Pool -- 45) WFLYJCA0004: Deploying JDBC-compliant driver class org.h2.Driver (version 2.2)
2025-09-15 12:41:31,450 INFO  [org.jboss.as.connector] (MSC service thread 1-8) WFLYJCA0009: Starting Jakarta Connectors Subsystem (WildFly/IronJacamar 3.0.14.Final)
2025-09-15 12:41:31,552 INFO  [org.jboss.as.connector.deployers.jdbc] (MSC service thread 1-3) WFLYJCA0018: Started Driver service with driver-name = h2
2025-09-15 12:41:31,554 INFO  [org.jboss.as.naming] (MSC service thread 1-7) WFLYNAM0003: Starting Naming Service
2025-09-15 12:41:31,582 INFO  [org.jboss.as.mail.extension] (MSC service thread 1-8) WFLYMAIL0001: Bound mail session [java:jboss/mail/Default]
2025-09-15 12:41:31,607 WARN  [org.wildfly.extension.elytron] (MSC service thread 1-4) WFLYELY00023: KeyStore file 'C:\TSE\wildfly-37.0.1.Final\standalone\configuration\application.keystore' does not exist. Used blank.
2025-09-15 12:41:31,621 INFO  [org.wildfly.extension.undertow] (MSC service thread 1-6) WFLYUT0003: Undertow 2.3.18.Final starting
2025-09-15 12:41:31,629 INFO  [org.jboss.remoting] (MSC service thread 1-3) JBoss Remoting version 5.0.31.Final
2025-09-15 12:41:31,744 WARN  [org.wildfly.extension.elytron] (MSC service thread 1-5) WFLYELY01084: KeyStore C:\TSE\wildfly-37.0.1.Final\standalone\configuration\application.keystore not found, it will be auto-generated on first use with a self-signed certificate for host localhost
2025-09-15 12:41:31,778 INFO  [org.wildfly.extension.undertow] (ServerService Thread Pool -- 76) WFLYUT0014: Creating file handler for path 'C:\TSE\wildfly-37.0.1.Final/welcome-content' with options [directory-listing: 'false', follow-symlink: 'false', case-sensitive: 'true', safe-symlink-paths: '[]']
2025-09-15 12:41:31,882 INFO  [org.jboss.as.ejb3] (MSC service thread 1-3) WFLYEJB0482: Strict pool mdb-strict-max-pool is using a max instance size of 32 (per class), which is derived from the number of CPUs on this host.
2025-09-15 12:41:31,882 INFO  [org.jboss.as.ejb3] (MSC service thread 1-6) WFLYEJB0481: Strict pool slsb-strict-max-pool is using a max instance size of 128 (per class), which is derived from thread worker pool sizing.
2025-09-15 12:41:31,901 INFO  [org.wildfly.extension.undertow] (MSC service thread 1-6) WFLYUT0012: Started server default-server.
2025-09-15 12:41:31,908 INFO  [org.wildfly.extension.undertow] (MSC service thread 1-9) Queuing requests.
2025-09-15 12:41:31,914 INFO  [org.wildfly.extension.undertow] (MSC service thread 1-9) WFLYUT0018: Host default-host starting
2025-09-15 12:41:32,052 INFO  [org.wildfly.extension.undertow] (MSC service thread 1-3) WFLYUT0006: Undertow HTTP listener default listening on 127.0.0.1:8080
2025-09-15 12:41:32,144 INFO  [org.jboss.as.server.deployment.scanner] (MSC service thread 1-6) WFLYDS0013: Started FileSystemDeploymentService for directory C:\TSE\wildfly-37.0.1.Final\standalone\deployments
2025-09-15 12:41:32,168 INFO  [org.wildfly.extension.undertow] (MSC service thread 1-5) WFLYUT0006: Undertow HTTPS listener https listening on 127.0.0.1:8443
2025-09-15 12:41:32,202 INFO  [org.jboss.as.ejb3] (MSC service thread 1-4) WFLYEJB0493: Jakarta Enterprise Beans subsystem suspension complete
2025-09-15 12:41:32,305 INFO  [org.jboss.as.connector.subsystems.datasources] (MSC service thread 1-2) WFLYJCA0001: Bound data source [java:jboss/datasources/ExampleDS]
2025-09-15 12:41:32,364 INFO  [org.jboss.ws.common.management] (MSC service thread 1-5) JBWS022052: Starting JBossWS 7.3.3.Final (Apache CXF 4.0.9) 
2025-09-15 12:41:33,437 INFO  [org.jboss.weld.deployer] (MSC service thread 1-7) WFLYWELD0003: Processing weld deployment tse-wildfly-app.war
2025-09-15 12:41:33,816 INFO  [org.hibernate.validator.internal.util.Version] (MSC service thread 1-7) HV000001: Hibernate Validator 8.0.2.Final
2025-09-15 12:41:34,190 INFO  [org.jboss.as.ejb3.deployment] (MSC service thread 1-7) WFLYEJB0473: JNDI bindings for session bean named 'UsuarioDataBean' in deployment unit 'deployment "tse-wildfly-app.war"' are as follows:

	java:global/tse-wildfly-app/UsuarioDataBean!com.practico1.app.data.UsuarioDataLocal
	java:app/tse-wildfly-app/UsuarioDataBean!com.practico1.app.data.UsuarioDataLocal
	java:module/UsuarioDataBean!com.practico1.app.data.UsuarioDataLocal
	java:global/tse-wildfly-app/UsuarioDataBean
	java:app/tse-wildfly-app/UsuarioDataBean
	java:module/UsuarioDataBean

2025-09-15 12:41:34,200 INFO  [org.jboss.as.ejb3.deployment] (MSC service thread 1-7) WFLYEJB0473: JNDI bindings for session bean named 'UsuarioBusinessBean' in deployment unit 'deployment "tse-wildfly-app.war"' are as follows:

	java:global/tse-wildfly-app/UsuarioBusinessBean!com.practico1.app.business.UsuarioBusinessLocal
	java:app/tse-wildfly-app/UsuarioBusinessBean!com.practico1.app.business.UsuarioBusinessLocal
	java:module/UsuarioBusinessBean!com.practico1.app.business.UsuarioBusinessLocal
	java:global/tse-wildfly-app/UsuarioBusinessBean
	java:app/tse-wildfly-app/UsuarioBusinessBean
	java:module/UsuarioBusinessBean

2025-09-15 12:41:35,026 INFO  [org.jboss.weld.Version] (MSC service thread 1-7) WELD-000900: 5.1.6 (Final)
2025-09-15 12:41:36,675 INFO  [org.omnifaces.ApplicationInitializer] (ServerService Thread Pool -- 82) Using OmniFaces version 4.3
2025-09-15 12:41:36,922 INFO  [jakarta.enterprise.resource.webcontainer.faces.config] (ServerService Thread Pool -- 82) Initializing Mojarra 4.0.11 for context '/tse-wildfly-app'
2025-09-15 12:41:37,619 INFO  [org.wildfly.extension.undertow] (ServerService Thread Pool -- 82) WFLYUT0021: Registered web context: '/tse-wildfly-app' for server 'default-server'
2025-09-15 12:41:37,727 INFO  [org.jboss.as.server] (ServerService Thread Pool -- 46) WFLYSRV0010: Deployed "tse-wildfly-app.war" (runtime-name : "tse-wildfly-app.war")
2025-09-15 12:41:37,798 INFO  [org.jboss.as.server] (Controller Boot Thread) WFLYSRV0212: Resuming server
2025-09-15 12:41:37,809 INFO  [org.jboss.as] (Controller Boot Thread) WFLYSRV0060: Http management interface listening on http://127.0.0.1:9990/management
2025-09-15 12:41:37,810 INFO  [org.jboss.as] (Controller Boot Thread) WFLYSRV0051: Admin console listening on http://127.0.0.1:9990
2025-09-15 12:41:37,812 INFO  [org.jboss.as] (Controller Boot Thread) WFLYSRV0025: WildFly 37.0.1.Final (WildFly Core 29.0.1.Final) started in 11882ms - Started 531 of 742 services (335 services are lazy, passive or on-demand) - Server configuration file in use: standalone.xml - Minimum feature stability level: community
2025-09-15 12:41:55,999 INFO  [org.jboss.as.repository] (management-handler-thread - 2) WFLYDR0001: Content added at location C:\TSE\wildfly-37.0.1.Final\standalone\data\content\d7\4a186f85c597031a260046166289599b7b3aa4\content
2025-09-15 12:41:56,011 INFO  [org.wildfly.extension.undertow] (ServerService Thread Pool -- 82) WFLYUT0022: Unregistered web context: '/tse-wildfly-app' from server 'default-server'
2025-09-15 12:41:56,110 INFO  [org.jboss.as.server.deployment] (MSC service thread 1-7) WFLYSRV0028: Stopped deployment tse-wildfly-app.war (runtime-name: tse-wildfly-app.war) in 105ms
2025-09-15 12:41:56,118 INFO  [org.jboss.as.server.deployment] (MSC service thread 1-4) WFLYSRV0027: Starting deployment of "tse-wildfly-app.war" (runtime-name: "tse-wildfly-app.war")
2025-09-15 12:41:56,666 INFO  [org.jboss.weld.deployer] (MSC service thread 1-4) WFLYWELD0003: Processing weld deployment tse-wildfly-app.war
2025-09-15 12:41:56,725 INFO  [org.jboss.as.ejb3.deployment] (MSC service thread 1-4) WFLYEJB0473: JNDI bindings for session bean named 'UsuarioDataBean' in deployment unit 'deployment "tse-wildfly-app.war"' are as follows:

	java:global/tse-wildfly-app/UsuarioDataBean!com.practico1.app.data.UsuarioDataLocal
	java:app/tse-wildfly-app/UsuarioDataBean!com.practico1.app.data.UsuarioDataLocal
	java:module/UsuarioDataBean!com.practico1.app.data.UsuarioDataLocal
	java:global/tse-wildfly-app/UsuarioDataBean
	java:app/tse-wildfly-app/UsuarioDataBean
	java:module/UsuarioDataBean

2025-09-15 12:41:56,729 INFO  [org.jboss.as.ejb3.deployment] (MSC service thread 1-4) WFLYEJB0473: JNDI bindings for session bean named 'UsuarioBusinessBean' in deployment unit 'deployment "tse-wildfly-app.war"' are as follows:

	java:global/tse-wildfly-app/UsuarioBusinessBean!com.practico1.app.business.UsuarioBusinessLocal
	java:app/tse-wildfly-app/UsuarioBusinessBean!com.practico1.app.business.UsuarioBusinessLocal
	java:module/UsuarioBusinessBean!com.practico1.app.business.UsuarioBusinessLocal
	java:global/tse-wildfly-app/UsuarioBusinessBean
	java:app/tse-wildfly-app/UsuarioBusinessBean
	java:module/UsuarioBusinessBean

2025-09-15 12:41:57,759 INFO  [org.omnifaces.ApplicationInitializer] (ServerService Thread Pool -- 25) Using OmniFaces version 4.3
2025-09-15 12:41:57,798 INFO  [jakarta.enterprise.resource.webcontainer.faces.config] (ServerService Thread Pool -- 25) Initializing Mojarra 4.0.11 for context '/tse-wildfly-app'
2025-09-15 12:41:58,051 INFO  [org.wildfly.extension.undertow] (ServerService Thread Pool -- 25) WFLYUT0021: Registered web context: '/tse-wildfly-app' for server 'default-server'
2025-09-15 12:41:58,168 INFO  [org.jboss.as.server] (management-handler-thread - 2) WFLYSRV0016: Replaced deployment "tse-wildfly-app.war" with deployment "tse-wildfly-app.war"
2025-09-15 12:41:58,182 INFO  [org.jboss.as.repository] (management-handler-thread - 2) WFLYDR0002: Content removed from location C:\TSE\wildfly-37.0.1.Final\standalone\data\content\ed\10a442cf29a9cbf703a73bfbef2ef73df537f8\content
2025-09-15 13:28:06,222 INFO  [org.jboss.as.repository] (management-handler-thread - 3) WFLYDR0001: Content added at location C:\TSE\wildfly-37.0.1.Final\standalone\data\content\53\2d30832039002281c2bcdb471fe12bd4015e10\content
2025-09-15 13:28:06,251 INFO  [org.wildfly.extension.undertow] (ServerService Thread Pool -- 37) WFLYUT0022: Unregistered web context: '/tse-wildfly-app' from server 'default-server'
2025-09-15 13:28:06,365 INFO  [org.jboss.as.server.deployment] (MSC service thread 1-6) WFLYSRV0028: Stopped deployment tse-wildfly-app.war (runtime-name: tse-wildfly-app.war) in 119ms
2025-09-15 13:28:06,370 INFO  [org.jboss.as.server.deployment] (MSC service thread 1-7) WFLYSRV0027: Starting deployment of "tse-wildfly-app.war" (runtime-name: "tse-wildfly-app.war")
2025-09-15 13:28:07,031 INFO  [org.jboss.weld.deployer] (MSC service thread 1-3) WFLYWELD0003: Processing weld deployment tse-wildfly-app.war
2025-09-15 13:28:07,201 INFO  [org.jboss.as.ejb3.deployment] (MSC service thread 1-3) WFLYEJB0473: JNDI bindings for session bean named 'UsuarioDataBean' in deployment unit 'deployment "tse-wildfly-app.war"' are as follows:

	java:global/tse-wildfly-app/UsuarioDataBean!com.practico1.app.data.UsuarioDataRemote
	java:app/tse-wildfly-app/UsuarioDataBean!com.practico1.app.data.UsuarioDataRemote
	java:module/UsuarioDataBean!com.practico1.app.data.UsuarioDataRemote
	java:jboss/exported/tse-wildfly-app/UsuarioDataBean!com.practico1.app.data.UsuarioDataRemote
	ejb:/tse-wildfly-app/UsuarioDataBean!com.practico1.app.data.UsuarioDataRemote
	java:global/tse-wildfly-app/UsuarioDataBean
	java:app/tse-wildfly-app/UsuarioDataBean
	java:module/UsuarioDataBean

2025-09-15 13:28:07,204 INFO  [org.jboss.as.ejb3.deployment] (MSC service thread 1-3) WFLYEJB0473: JNDI bindings for session bean named 'UsuarioBusinessBean' in deployment unit 'deployment "tse-wildfly-app.war"' are as follows:

	java:global/tse-wildfly-app/UsuarioBusinessBean!com.practico1.app.business.UsuarioBusinessRemote
	java:app/tse-wildfly-app/UsuarioBusinessBean!com.practico1.app.business.UsuarioBusinessRemote
	java:module/UsuarioBusinessBean!com.practico1.app.business.UsuarioBusinessRemote
	java:jboss/exported/tse-wildfly-app/UsuarioBusinessBean!com.practico1.app.business.UsuarioBusinessRemote
	ejb:/tse-wildfly-app/UsuarioBusinessBean!com.practico1.app.business.UsuarioBusinessRemote
	java:global/tse-wildfly-app/UsuarioBusinessBean
	java:app/tse-wildfly-app/UsuarioBusinessBean
	java:module/UsuarioBusinessBean

2025-09-15 13:28:07,411 ERROR [org.jboss.msc.service.fail] (MSC service thread 1-9) MSC000001: Failed to start service jboss.deployment.unit."tse-wildfly-app.war".INSTALL: org.jboss.msc.service.StartException in service jboss.deployment.unit."tse-wildfly-app.war".INSTALL: WFLYSRV0153: Failed to process phase INSTALL of deployment "tse-wildfly-app.war"
	at org.jboss.as.server@29.0.1.Final//org.jboss.as.server.deployment.DeploymentUnitPhaseService.start(DeploymentUnitPhaseService.java:172)
	at org.jboss.msc@1.5.6.Final//org.jboss.msc.service.ServiceControllerImpl$StartTask.startService(ServiceControllerImpl.java:1553)
	at org.jboss.msc@1.5.6.Final//org.jboss.msc.service.ServiceControllerImpl$StartTask.execute(ServiceControllerImpl.java:1516)
	at org.jboss.msc@1.5.6.Final//org.jboss.msc.service.ServiceControllerImpl$ControllerTask.run(ServiceControllerImpl.java:1374)
	at org.jboss.threads@3.9.1//org.jboss.threads.ContextHandler$1.runWith(ContextHandler.java:18)
	at org.jboss.threads@3.9.1//org.jboss.threads.EnhancedQueueExecutor$Task.doRunWith(EnhancedQueueExecutor.java:2651)
	at org.jboss.threads@3.9.1//org.jboss.threads.EnhancedQueueExecutor$Task.run(EnhancedQueueExecutor.java:2630)
	at org.jboss.threads@3.9.1//org.jboss.threads.EnhancedQueueExecutor.runThreadBody(EnhancedQueueExecutor.java:1622)
	at org.jboss.threads@3.9.1//org.jboss.threads.EnhancedQueueExecutor$ThreadBody.run(EnhancedQueueExecutor.java:1589)
	at java.base/java.lang.Thread.run(Thread.java:1447)
Caused by: org.jboss.as.server.deployment.DeploymentUnitProcessingException: WFLYEJB0406: No Jakarta Enterprise Beans found with interface of type 'com.practico1.app.data.UsuarioDataLocal' for binding com.practico1.app.business.UsuarioBusinessBean/usuarioData
	at org.jboss.as.ejb3@37.0.1.Final//org.jboss.as.ejb3.deployment.processors.EjbInjectionSource.getResourceValue(EjbInjectionSource.java:73)
	at org.jboss.as.ee@37.0.1.Final//org.jboss.as.ee.component.deployers.ModuleJndiBindingProcessor.addJndiBinding(ModuleJndiBindingProcessor.java:254)
	at org.jboss.as.ee@37.0.1.Final//org.jboss.as.ee.component.deployers.ModuleJndiBindingProcessor$1.handle(ModuleJndiBindingProcessor.java:225)
	at org.jboss.as.ee@37.0.1.Final//org.jboss.as.ee.component.ClassDescriptionTraversal.run(ClassDescriptionTraversal.java:37)
	at org.jboss.as.ee@37.0.1.Final//org.jboss.as.ee.component.deployers.ModuleJndiBindingProcessor.processClassConfigurations(ModuleJndiBindingProcessor.java:229)
	at org.jboss.as.ee@37.0.1.Final//org.jboss.as.ee.component.deployers.ModuleJndiBindingProcessor.deploy(ModuleJndiBindingProcessor.java:143)
	at org.jboss.as.server@29.0.1.Final//org.jboss.as.server.deployment.DeploymentUnitPhaseService.start(DeploymentUnitPhaseService.java:165)
	... 9 more

2025-09-15 13:28:07,426 ERROR [org.jboss.as.controller.management-operation] (management-handler-thread - 3) WFLYCTL0013: Operation ("full-replace-deployment") failed - address: ([]) - Stage: (VERIFY) - failure description: {
    "WFLYCTL0080: Failed services" => {"jboss.deployment.unit.\"tse-wildfly-app.war\".INSTALL" => "WFLYSRV0153: Failed to process phase INSTALL of deployment \"tse-wildfly-app.war\"
    Caused by: org.jboss.as.server.deployment.DeploymentUnitProcessingException: WFLYEJB0406: No Jakarta Enterprise Beans found with interface of type 'com.practico1.app.data.UsuarioDataLocal' for binding com.practico1.app.business.UsuarioBusinessBean/usuarioData"},
    "WFLYCTL0412: Required services that are not installed:" => [
        "jboss.deployment.unit.\"tse-wildfly-app.war\".beanmanager",
        "jboss.deployment.unit.\"tse-wildfly-app.war\".WeldStartService"
    ],
    "WFLYCTL0180: Services with missing/unavailable dependencies" => [
        "service jboss.deployment.unit.\"tse-wildfly-app.war\".weld.weldClassIntrospector is missing [jboss.deployment.unit.\"tse-wildfly-app.war\".beanmanager, jboss.deployment.unit.\"tse-wildfly-app.war\".WeldStartService]",
        "service jboss.deployment.unit.\"tse-wildfly-app.war\".batch.artifact.factory is missing [jboss.deployment.unit.\"tse-wildfly-app.war\".beanmanager]"
    ]
}
2025-09-15 13:28:07,427 ERROR [org.jboss.as.controller.management-operation] (management-handler-thread - 3) WFLYCTL0013: Operation ("full-replace-deployment") failed - address: ([]) - Stage: (VERIFY) - failure description: {
    "WFLYCTL0080: Failed services" => {"jboss.deployment.unit.\"tse-wildfly-app.war\".INSTALL" => "WFLYSRV0153: Failed to process phase INSTALL of deployment \"tse-wildfly-app.war\"
    Caused by: org.jboss.as.server.deployment.DeploymentUnitProcessingException: WFLYEJB0406: No Jakarta Enterprise Beans found with interface of type 'com.practico1.app.data.UsuarioDataLocal' for binding com.practico1.app.business.UsuarioBusinessBean/usuarioData"},
    "WFLYCTL0412: Required services that are not installed:" => [
        "jboss.deployment.unit.\"tse-wildfly-app.war\".beanmanager",
        "jboss.deployment.unit.\"tse-wildfly-app.war\".WeldStartService"
    ],
    "WFLYCTL0180: Services with missing/unavailable dependencies" => [
        "service jboss.deployment.unit.\"tse-wildfly-app.war\".weld.weldClassIntrospector is missing [jboss.deployment.unit.\"tse-wildfly-app.war\".beanmanager, jboss.deployment.unit.\"tse-wildfly-app.war\".WeldStartService]",
        "service jboss.deployment.unit.\"tse-wildfly-app.war\".batch.artifact.factory is missing [jboss.deployment.unit.\"tse-wildfly-app.war\".beanmanager]"
    ]
}
2025-09-15 13:28:07,467 INFO  [org.jboss.as.server.deployment] (MSC service thread 1-2) WFLYSRV0028: Stopped deployment tse-wildfly-app.war (runtime-name: tse-wildfly-app.war) in 35ms
2025-09-15 13:28:07,471 ERROR [org.jboss.as.server] (management-handler-thread - 3) WFLYSRV0014: Replacement of deployment "tse-wildfly-app.war" by deployment "tse-wildfly-app.war" was rolled back with the following failure message: 
{
    "WFLYCTL0080: Failed services" => {"jboss.deployment.unit.\"tse-wildfly-app.war\".INSTALL" => "WFLYSRV0153: Failed to process phase INSTALL of deployment \"tse-wildfly-app.war\"
    Caused by: org.jboss.as.server.deployment.DeploymentUnitProcessingException: WFLYEJB0406: No Jakarta Enterprise Beans found with interface of type 'com.practico1.app.data.UsuarioDataLocal' for binding com.practico1.app.business.UsuarioBusinessBean/usuarioData"},
    "WFLYCTL0412: Required services that are not installed:" => [
        "jboss.deployment.unit.\"tse-wildfly-app.war\".beanmanager",
        "jboss.deployment.unit.\"tse-wildfly-app.war\".WeldStartService"
    ],
    "WFLYCTL0180: Services with missing/unavailable dependencies" => [
        "service jboss.deployment.unit.\"tse-wildfly-app.war\".weld.weldClassIntrospector is missing [jboss.deployment.unit.\"tse-wildfly-app.war\".beanmanager, jboss.deployment.unit.\"tse-wildfly-app.war\".WeldStartService]",
        "service jboss.deployment.unit.\"tse-wildfly-app.war\".batch.artifact.factory is missing [jboss.deployment.unit.\"tse-wildfly-app.war\".beanmanager]"
    ]
}
2025-09-15 13:28:07,472 INFO  [org.jboss.as.server.deployment] (MSC service thread 1-2) WFLYSRV0027: Starting deployment of "tse-wildfly-app.war" (runtime-name: "tse-wildfly-app.war")
2025-09-15 13:28:07,961 INFO  [org.jboss.weld.deployer] (MSC service thread 1-5) WFLYWELD0003: Processing weld deployment tse-wildfly-app.war
2025-09-15 13:28:07,995 INFO  [org.jboss.as.ejb3.deployment] (MSC service thread 1-5) WFLYEJB0473: JNDI bindings for session bean named 'UsuarioDataBean' in deployment unit 'deployment "tse-wildfly-app.war"' are as follows:

	java:global/tse-wildfly-app/UsuarioDataBean!com.practico1.app.data.UsuarioDataLocal
	java:app/tse-wildfly-app/UsuarioDataBean!com.practico1.app.data.UsuarioDataLocal
	java:module/UsuarioDataBean!com.practico1.app.data.UsuarioDataLocal
	java:global/tse-wildfly-app/UsuarioDataBean
	java:app/tse-wildfly-app/UsuarioDataBean
	java:module/UsuarioDataBean

2025-09-15 13:28:07,996 INFO  [org.jboss.as.ejb3.deployment] (MSC service thread 1-5) WFLYEJB0473: JNDI bindings for session bean named 'UsuarioBusinessBean' in deployment unit 'deployment "tse-wildfly-app.war"' are as follows:

	java:global/tse-wildfly-app/UsuarioBusinessBean!com.practico1.app.business.UsuarioBusinessLocal
	java:app/tse-wildfly-app/UsuarioBusinessBean!com.practico1.app.business.UsuarioBusinessLocal
	java:module/UsuarioBusinessBean!com.practico1.app.business.UsuarioBusinessLocal
	java:global/tse-wildfly-app/UsuarioBusinessBean
	java:app/tse-wildfly-app/UsuarioBusinessBean
	java:module/UsuarioBusinessBean

2025-09-15 13:28:08,566 INFO  [org.omnifaces.ApplicationInitializer] (ServerService Thread Pool -- 110) Using OmniFaces version 4.3
2025-09-15 13:28:08,622 INFO  [jakarta.enterprise.resource.webcontainer.faces.config] (ServerService Thread Pool -- 110) Initializing Mojarra 4.0.11 for context '/tse-wildfly-app'
2025-09-15 13:28:08,845 INFO  [org.wildfly.extension.undertow] (ServerService Thread Pool -- 110) WFLYUT0021: Registered web context: '/tse-wildfly-app' for server 'default-server'
2025-09-15 13:28:08,859 INFO  [org.jboss.as.repository] (management-handler-thread - 3) WFLYDR0002: Content removed from location C:\TSE\wildfly-37.0.1.Final\standalone\data\content\53\2d30832039002281c2bcdb471fe12bd4015e10\content
2025-09-15 13:29:01,144 INFO  [org.jboss.as.repository] (management-handler-thread - 3) WFLYDR0001: Content added at location C:\TSE\wildfly-37.0.1.Final\standalone\data\content\c3\8e37f1a2b37f0d1493f861672a724dcb93dc71\content
2025-09-15 13:29:01,147 INFO  [org.wildfly.extension.undertow] (ServerService Thread Pool -- 110) WFLYUT0022: Unregistered web context: '/tse-wildfly-app' from server 'default-server'
2025-09-15 13:29:01,202 INFO  [org.jboss.as.server.deployment] (MSC service thread 1-6) WFLYSRV0028: Stopped deployment tse-wildfly-app.war (runtime-name: tse-wildfly-app.war) in 55ms
2025-09-15 13:29:01,204 INFO  [org.jboss.as.server.deployment] (MSC service thread 1-7) WFLYSRV0027: Starting deployment of "tse-wildfly-app.war" (runtime-name: "tse-wildfly-app.war")
2025-09-15 13:29:01,598 INFO  [org.jboss.weld.deployer] (MSC service thread 1-5) WFLYWELD0003: Processing weld deployment tse-wildfly-app.war
2025-09-15 13:29:01,645 INFO  [org.jboss.as.ejb3.deployment] (MSC service thread 1-5) WFLYEJB0473: JNDI bindings for session bean named 'UsuarioDataBean' in deployment unit 'deployment "tse-wildfly-app.war"' are as follows:

	java:global/tse-wildfly-app/UsuarioDataBean!com.practico1.app.data.UsuarioDataLocal
	java:app/tse-wildfly-app/UsuarioDataBean!com.practico1.app.data.UsuarioDataLocal
	java:module/UsuarioDataBean!com.practico1.app.data.UsuarioDataLocal
	java:global/tse-wildfly-app/UsuarioDataBean!com.practico1.app.data.UsuarioDataRemote
	java:app/tse-wildfly-app/UsuarioDataBean!com.practico1.app.data.UsuarioDataRemote
	java:module/UsuarioDataBean!com.practico1.app.data.UsuarioDataRemote
	java:jboss/exported/tse-wildfly-app/UsuarioDataBean!com.practico1.app.data.UsuarioDataRemote
	ejb:/tse-wildfly-app/UsuarioDataBean!com.practico1.app.data.UsuarioDataRemote

2025-09-15 13:29:01,646 INFO  [org.jboss.as.ejb3.deployment] (MSC service thread 1-5) WFLYEJB0473: JNDI bindings for session bean named 'UsuarioBusinessBean' in deployment unit 'deployment "tse-wildfly-app.war"' are as follows:

	java:global/tse-wildfly-app/UsuarioBusinessBean!com.practico1.app.business.UsuarioBusinessRemote
	java:app/tse-wildfly-app/UsuarioBusinessBean!com.practico1.app.business.UsuarioBusinessRemote
	java:module/UsuarioBusinessBean!com.practico1.app.business.UsuarioBusinessRemote
	java:jboss/exported/tse-wildfly-app/UsuarioBusinessBean!com.practico1.app.business.UsuarioBusinessRemote
	ejb:/tse-wildfly-app/UsuarioBusinessBean!com.practico1.app.business.UsuarioBusinessRemote
	java:global/tse-wildfly-app/UsuarioBusinessBean!com.practico1.app.business.UsuarioBusinessLocal
	java:app/tse-wildfly-app/UsuarioBusinessBean!com.practico1.app.business.UsuarioBusinessLocal
	java:module/UsuarioBusinessBean!com.practico1.app.business.UsuarioBusinessLocal

2025-09-15 13:29:01,769 ERROR [org.jboss.msc.service.fail] (MSC service thread 1-9) MSC000001: Failed to start service jboss.deployment.unit."tse-wildfly-app.war".INSTALL: org.jboss.msc.service.StartException in service jboss.deployment.unit."tse-wildfly-app.war".INSTALL: WFLYSRV0153: Failed to process phase INSTALL of deployment "tse-wildfly-app.war"
	at org.jboss.as.server@29.0.1.Final//org.jboss.as.server.deployment.DeploymentUnitPhaseService.start(DeploymentUnitPhaseService.java:172)
	at org.jboss.msc@1.5.6.Final//org.jboss.msc.service.ServiceControllerImpl$StartTask.startService(ServiceControllerImpl.java:1553)
	at org.jboss.msc@1.5.6.Final//org.jboss.msc.service.ServiceControllerImpl$StartTask.execute(ServiceControllerImpl.java:1516)
	at org.jboss.msc@1.5.6.Final//org.jboss.msc.service.ServiceControllerImpl$ControllerTask.run(ServiceControllerImpl.java:1374)
	at org.jboss.threads@3.9.1//org.jboss.threads.ContextHandler$1.runWith(ContextHandler.java:18)
	at org.jboss.threads@3.9.1//org.jboss.threads.EnhancedQueueExecutor$Task.doRunWith(EnhancedQueueExecutor.java:2651)
	at org.jboss.threads@3.9.1//org.jboss.threads.EnhancedQueueExecutor$Task.run(EnhancedQueueExecutor.java:2630)
	at org.jboss.threads@3.9.1//org.jboss.threads.EnhancedQueueExecutor.runThreadBody(EnhancedQueueExecutor.java:1622)
	at org.jboss.threads@3.9.1//org.jboss.threads.EnhancedQueueExecutor$ThreadBody.run(EnhancedQueueExecutor.java:1589)
	at java.base/java.lang.Thread.run(Thread.java:1447)
Caused by: java.lang.IllegalArgumentException: WFLYEE0047: Incompatible conflicting binding at java:jboss/exported/tse-wildfly-app/UsuarioDataBean!com.practico1.app.data.UsuarioDataRemote source: org.jboss.as.ejb3.deployment.processors.EjbJndiBindingsDeploymentUnitProcessor$2@4e9050fc
	at org.jboss.as.ee@37.0.1.Final//org.jboss.as.ee.component.deployers.ModuleJndiBindingProcessor.addJndiBinding(ModuleJndiBindingProcessor.java:286)
	at org.jboss.as.ee@37.0.1.Final//org.jboss.as.ee.component.deployers.ModuleJndiBindingProcessor.deploy(ModuleJndiBindingProcessor.java:107)
	at org.jboss.as.server@29.0.1.Final//org.jboss.as.server.deployment.DeploymentUnitPhaseService.start(DeploymentUnitPhaseService.java:165)
	... 9 more

2025-09-15 13:29:01,771 ERROR [org.jboss.as.controller.management-operation] (management-handler-thread - 3) WFLYCTL0013: Operation ("full-replace-deployment") failed - address: ([]) - Stage: (VERIFY) - failure description: {
    "WFLYCTL0080: Failed services" => {"jboss.deployment.unit.\"tse-wildfly-app.war\".INSTALL" => "WFLYSRV0153: Failed to process phase INSTALL of deployment \"tse-wildfly-app.war\"
    Caused by: java.lang.IllegalArgumentException: WFLYEE0047: Incompatible conflicting binding at java:jboss/exported/tse-wildfly-app/UsuarioDataBean!com.practico1.app.data.UsuarioDataRemote source: org.jboss.as.ejb3.deployment.processors.EjbJndiBindingsDeploymentUnitProcessor$2@4e9050fc"},
    "WFLYCTL0412: Required services that are not installed:" => [
        "jboss.deployment.unit.\"tse-wildfly-app.war\".beanmanager",
        "jboss.deployment.unit.\"tse-wildfly-app.war\".WeldStartService"
    ],
    "WFLYCTL0180: Services with missing/unavailable dependencies" => [
        "service jboss.deployment.unit.\"tse-wildfly-app.war\".weld.weldClassIntrospector is missing [jboss.deployment.unit.\"tse-wildfly-app.war\".beanmanager, jboss.deployment.unit.\"tse-wildfly-app.war\".WeldStartService]",
        "service jboss.deployment.unit.\"tse-wildfly-app.war\".batch.artifact.factory is missing [jboss.deployment.unit.\"tse-wildfly-app.war\".beanmanager]"
    ]
}
2025-09-15 13:29:01,772 ERROR [org.jboss.as.controller.management-operation] (management-handler-thread - 3) WFLYCTL0013: Operation ("full-replace-deployment") failed - address: ([]) - Stage: (VERIFY) - failure description: {
    "WFLYCTL0080: Failed services" => {"jboss.deployment.unit.\"tse-wildfly-app.war\".INSTALL" => "WFLYSRV0153: Failed to process phase INSTALL of deployment \"tse-wildfly-app.war\"
    Caused by: java.lang.IllegalArgumentException: WFLYEE0047: Incompatible conflicting binding at java:jboss/exported/tse-wildfly-app/UsuarioDataBean!com.practico1.app.data.UsuarioDataRemote source: org.jboss.as.ejb3.deployment.processors.EjbJndiBindingsDeploymentUnitProcessor$2@4e9050fc"},
    "WFLYCTL0412: Required services that are not installed:" => [
        "jboss.deployment.unit.\"tse-wildfly-app.war\".beanmanager",
        "jboss.deployment.unit.\"tse-wildfly-app.war\".WeldStartService"
    ],
    "WFLYCTL0180: Services with missing/unavailable dependencies" => [
        "service jboss.deployment.unit.\"tse-wildfly-app.war\".weld.weldClassIntrospector is missing [jboss.deployment.unit.\"tse-wildfly-app.war\".beanmanager, jboss.deployment.unit.\"tse-wildfly-app.war\".WeldStartService]",
        "service jboss.deployment.unit.\"tse-wildfly-app.war\".batch.artifact.factory is missing [jboss.deployment.unit.\"tse-wildfly-app.war\".beanmanager]"
    ]
}
2025-09-15 13:29:01,801 INFO  [org.jboss.as.server.deployment] (MSC service thread 1-4) WFLYSRV0028: Stopped deployment tse-wildfly-app.war (runtime-name: tse-wildfly-app.war) in 27ms
2025-09-15 13:29:01,802 ERROR [org.jboss.as.server] (management-handler-thread - 3) WFLYSRV0014: Replacement of deployment "tse-wildfly-app.war" by deployment "tse-wildfly-app.war" was rolled back with the following failure message: 
{
    "WFLYCTL0080: Failed services" => {"jboss.deployment.unit.\"tse-wildfly-app.war\".INSTALL" => "WFLYSRV0153: Failed to process phase INSTALL of deployment \"tse-wildfly-app.war\"
    Caused by: java.lang.IllegalArgumentException: WFLYEE0047: Incompatible conflicting binding at java:jboss/exported/tse-wildfly-app/UsuarioDataBean!com.practico1.app.data.UsuarioDataRemote source: org.jboss.as.ejb3.deployment.processors.EjbJndiBindingsDeploymentUnitProcessor$2@4e9050fc"},
    "WFLYCTL0412: Required services that are not installed:" => [
        "jboss.deployment.unit.\"tse-wildfly-app.war\".beanmanager",
        "jboss.deployment.unit.\"tse-wildfly-app.war\".WeldStartService"
    ],
    "WFLYCTL0180: Services with missing/unavailable dependencies" => [
        "service jboss.deployment.unit.\"tse-wildfly-app.war\".weld.weldClassIntrospector is missing [jboss.deployment.unit.\"tse-wildfly-app.war\".beanmanager, jboss.deployment.unit.\"tse-wildfly-app.war\".WeldStartService]",
        "service jboss.deployment.unit.\"tse-wildfly-app.war\".batch.artifact.factory is missing [jboss.deployment.unit.\"tse-wildfly-app.war\".beanmanager]"
    ]
}
2025-09-15 13:29:01,802 INFO  [org.jboss.as.server.deployment] (MSC service thread 1-3) WFLYSRV0027: Starting deployment of "tse-wildfly-app.war" (runtime-name: "tse-wildfly-app.war")
2025-09-15 13:29:02,168 INFO  [org.jboss.weld.deployer] (MSC service thread 1-5) WFLYWELD0003: Processing weld deployment tse-wildfly-app.war
2025-09-15 13:29:02,194 INFO  [org.jboss.as.ejb3.deployment] (MSC service thread 1-5) WFLYEJB0473: JNDI bindings for session bean named 'UsuarioDataBean' in deployment unit 'deployment "tse-wildfly-app.war"' are as follows:

	java:global/tse-wildfly-app/UsuarioDataBean!com.practico1.app.data.UsuarioDataLocal
	java:app/tse-wildfly-app/UsuarioDataBean!com.practico1.app.data.UsuarioDataLocal
	java:module/UsuarioDataBean!com.practico1.app.data.UsuarioDataLocal
	java:global/tse-wildfly-app/UsuarioDataBean
	java:app/tse-wildfly-app/UsuarioDataBean
	java:module/UsuarioDataBean

2025-09-15 13:29:02,195 INFO  [org.jboss.as.ejb3.deployment] (MSC service thread 1-5) WFLYEJB0473: JNDI bindings for session bean named 'UsuarioBusinessBean' in deployment unit 'deployment "tse-wildfly-app.war"' are as follows:

	java:global/tse-wildfly-app/UsuarioBusinessBean!com.practico1.app.business.UsuarioBusinessLocal
	java:app/tse-wildfly-app/UsuarioBusinessBean!com.practico1.app.business.UsuarioBusinessLocal
	java:module/UsuarioBusinessBean!com.practico1.app.business.UsuarioBusinessLocal
	java:global/tse-wildfly-app/UsuarioBusinessBean
	java:app/tse-wildfly-app/UsuarioBusinessBean
	java:module/UsuarioBusinessBean

2025-09-15 13:29:02,626 INFO  [org.omnifaces.ApplicationInitializer] (ServerService Thread Pool -- 125) Using OmniFaces version 4.3
2025-09-15 13:29:02,660 INFO  [jakarta.enterprise.resource.webcontainer.faces.config] (ServerService Thread Pool -- 125) Initializing Mojarra 4.0.11 for context '/tse-wildfly-app'
2025-09-15 13:29:02,913 INFO  [org.wildfly.extension.undertow] (ServerService Thread Pool -- 125) WFLYUT0021: Registered web context: '/tse-wildfly-app' for server 'default-server'
2025-09-15 13:29:02,921 INFO  [org.jboss.as.repository] (management-handler-thread - 3) WFLYDR0002: Content removed from location C:\TSE\wildfly-37.0.1.Final\standalone\data\content\c3\8e37f1a2b37f0d1493f861672a724dcb93dc71\content
2025-09-15 13:29:20,397 INFO  [org.wildfly.extension.undertow] (ServerService Thread Pool -- 125) WFLYUT0022: Unregistered web context: '/tse-wildfly-app' from server 'default-server'
2025-09-15 13:29:20,445 INFO  [org.jboss.as.server.deployment] (MSC service thread 1-8) WFLYSRV0028: Stopped deployment tse-wildfly-app.war (runtime-name: tse-wildfly-app.war) in 49ms
2025-09-15 13:29:20,505 INFO  [org.jboss.as.repository] (management-handler-thread - 3) WFLYDR0002: Content removed from location C:\TSE\wildfly-37.0.1.Final\standalone\data\content\d7\4a186f85c597031a260046166289599b7b3aa4\content
2025-09-15 13:29:20,506 INFO  [org.jboss.as.server] (management-handler-thread - 3) WFLYSRV0009: Undeployed "tse-wildfly-app.war" (runtime-name: "tse-wildfly-app.war")
2025-09-15 13:29:35,900 INFO  [org.jboss.as.repository] (management-handler-thread - 3) WFLYDR0001: Content added at location C:\TSE\wildfly-37.0.1.Final\standalone\data\content\f9\9cf9a0e739563999a9454d41b8f6a94bd228fb\content
2025-09-15 13:29:35,903 INFO  [org.jboss.as.server.deployment] (MSC service thread 1-3) WFLYSRV0027: Starting deployment of "tse-wildfly-app.war" (runtime-name: "tse-wildfly-app.war")
2025-09-15 13:29:36,249 INFO  [org.jboss.weld.deployer] (MSC service thread 1-6) WFLYWELD0003: Processing weld deployment tse-wildfly-app.war
2025-09-15 13:29:36,311 INFO  [org.jboss.as.ejb3.deployment] (MSC service thread 1-6) WFLYEJB0473: JNDI bindings for session bean named 'UsuarioDataBean' in deployment unit 'deployment "tse-wildfly-app.war"' are as follows:

	java:global/tse-wildfly-app/UsuarioDataBean!com.practico1.app.data.UsuarioDataLocal
	java:app/tse-wildfly-app/UsuarioDataBean!com.practico1.app.data.UsuarioDataLocal
	java:module/UsuarioDataBean!com.practico1.app.data.UsuarioDataLocal
	java:global/tse-wildfly-app/UsuarioDataBean!com.practico1.app.data.UsuarioDataRemote
	java:app/tse-wildfly-app/UsuarioDataBean!com.practico1.app.data.UsuarioDataRemote
	java:module/UsuarioDataBean!com.practico1.app.data.UsuarioDataRemote
	java:jboss/exported/tse-wildfly-app/UsuarioDataBean!com.practico1.app.data.UsuarioDataRemote
	ejb:/tse-wildfly-app/UsuarioDataBean!com.practico1.app.data.UsuarioDataRemote

2025-09-15 13:29:36,402 INFO  [org.jboss.as.ejb3.deployment] (MSC service thread 1-6) WFLYEJB0473: JNDI bindings for session bean named 'UsuarioBusinessBean' in deployment unit 'deployment "tse-wildfly-app.war"' are as follows:

	java:global/tse-wildfly-app/UsuarioBusinessBean!com.practico1.app.business.UsuarioBusinessRemote
	java:app/tse-wildfly-app/UsuarioBusinessBean!com.practico1.app.business.UsuarioBusinessRemote
	java:module/UsuarioBusinessBean!com.practico1.app.business.UsuarioBusinessRemote
	java:jboss/exported/tse-wildfly-app/UsuarioBusinessBean!com.practico1.app.business.UsuarioBusinessRemote
	ejb:/tse-wildfly-app/UsuarioBusinessBean!com.practico1.app.business.UsuarioBusinessRemote
	java:global/tse-wildfly-app/UsuarioBusinessBean!com.practico1.app.business.UsuarioBusinessLocal
	java:app/tse-wildfly-app/UsuarioBusinessBean!com.practico1.app.business.UsuarioBusinessLocal
	java:module/UsuarioBusinessBean!com.practico1.app.business.UsuarioBusinessLocal

2025-09-15 13:29:36,498 ERROR [org.jboss.msc.service.fail] (MSC service thread 1-2) MSC000001: Failed to start service jboss.deployment.unit."tse-wildfly-app.war".INSTALL: org.jboss.msc.service.StartException in service jboss.deployment.unit."tse-wildfly-app.war".INSTALL: WFLYSRV0153: Failed to process phase INSTALL of deployment "tse-wildfly-app.war"
	at org.jboss.as.server@29.0.1.Final//org.jboss.as.server.deployment.DeploymentUnitPhaseService.start(DeploymentUnitPhaseService.java:172)
	at org.jboss.msc@1.5.6.Final//org.jboss.msc.service.ServiceControllerImpl$StartTask.startService(ServiceControllerImpl.java:1553)
	at org.jboss.msc@1.5.6.Final//org.jboss.msc.service.ServiceControllerImpl$StartTask.execute(ServiceControllerImpl.java:1516)
	at org.jboss.msc@1.5.6.Final//org.jboss.msc.service.ServiceControllerImpl$ControllerTask.run(ServiceControllerImpl.java:1374)
	at org.jboss.threads@3.9.1//org.jboss.threads.ContextHandler$1.runWith(ContextHandler.java:18)
	at org.jboss.threads@3.9.1//org.jboss.threads.EnhancedQueueExecutor$Task.doRunWith(EnhancedQueueExecutor.java:2651)
	at org.jboss.threads@3.9.1//org.jboss.threads.EnhancedQueueExecutor$Task.run(EnhancedQueueExecutor.java:2630)
	at org.jboss.threads@3.9.1//org.jboss.threads.EnhancedQueueExecutor.runThreadBody(EnhancedQueueExecutor.java:1694)
	at org.jboss.threads@3.9.1//org.jboss.threads.EnhancedQueueExecutor$ThreadBody.run(EnhancedQueueExecutor.java:1589)
	at java.base/java.lang.Thread.run(Thread.java:1447)
Caused by: java.lang.IllegalArgumentException: WFLYEE0047: Incompatible conflicting binding at java:jboss/exported/tse-wildfly-app/UsuarioDataBean!com.practico1.app.data.UsuarioDataRemote source: org.jboss.as.ejb3.deployment.processors.EjbJndiBindingsDeploymentUnitProcessor$2@61512395
	at org.jboss.as.ee@37.0.1.Final//org.jboss.as.ee.component.deployers.ModuleJndiBindingProcessor.addJndiBinding(ModuleJndiBindingProcessor.java:286)
	at org.jboss.as.ee@37.0.1.Final//org.jboss.as.ee.component.deployers.ModuleJndiBindingProcessor.deploy(ModuleJndiBindingProcessor.java:107)
	at org.jboss.as.server@29.0.1.Final//org.jboss.as.server.deployment.DeploymentUnitPhaseService.start(DeploymentUnitPhaseService.java:165)
	... 9 more

2025-09-15 13:29:36,500 ERROR [org.jboss.as.controller.management-operation] (management-handler-thread - 3) WFLYCTL0013: Operation ("add") failed - address: ([("deployment" => "tse-wildfly-app.war")]) - Stage: (VERIFY) - failure description: {
    "WFLYCTL0080: Failed services" => {"jboss.deployment.unit.\"tse-wildfly-app.war\".INSTALL" => "WFLYSRV0153: Failed to process phase INSTALL of deployment \"tse-wildfly-app.war\"
    Caused by: java.lang.IllegalArgumentException: WFLYEE0047: Incompatible conflicting binding at java:jboss/exported/tse-wildfly-app/UsuarioDataBean!com.practico1.app.data.UsuarioDataRemote source: org.jboss.as.ejb3.deployment.processors.EjbJndiBindingsDeploymentUnitProcessor$2@61512395"},
    "WFLYCTL0412: Required services that are not installed:" => [
        "jboss.deployment.unit.\"tse-wildfly-app.war\".beanmanager",
        "jboss.deployment.unit.\"tse-wildfly-app.war\".WeldStartService"
    ],
    "WFLYCTL0180: Services with missing/unavailable dependencies" => [
        "service jboss.deployment.unit.\"tse-wildfly-app.war\".batch.artifact.factory is missing [jboss.deployment.unit.\"tse-wildfly-app.war\".beanmanager]",
        "service jboss.deployment.unit.\"tse-wildfly-app.war\".weld.weldClassIntrospector is missing [jboss.deployment.unit.\"tse-wildfly-app.war\".WeldStartService, jboss.deployment.unit.\"tse-wildfly-app.war\".beanmanager]"
    ]
}
2025-09-15 13:29:36,501 ERROR [org.jboss.as.controller.management-operation] (management-handler-thread - 3) WFLYCTL0013: Operation ("add") failed - address: ([("deployment" => "tse-wildfly-app.war")]) - Stage: (VERIFY) - failure description: {
    "WFLYCTL0080: Failed services" => {"jboss.deployment.unit.\"tse-wildfly-app.war\".INSTALL" => "WFLYSRV0153: Failed to process phase INSTALL of deployment \"tse-wildfly-app.war\"
    Caused by: java.lang.IllegalArgumentException: WFLYEE0047: Incompatible conflicting binding at java:jboss/exported/tse-wildfly-app/UsuarioDataBean!com.practico1.app.data.UsuarioDataRemote source: org.jboss.as.ejb3.deployment.processors.EjbJndiBindingsDeploymentUnitProcessor$2@61512395"},
    "WFLYCTL0412: Required services that are not installed:" => [
        "jboss.deployment.unit.\"tse-wildfly-app.war\".beanmanager",
        "jboss.deployment.unit.\"tse-wildfly-app.war\".WeldStartService"
    ],
    "WFLYCTL0180: Services with missing/unavailable dependencies" => [
        "service jboss.deployment.unit.\"tse-wildfly-app.war\".batch.artifact.factory is missing [jboss.deployment.unit.\"tse-wildfly-app.war\".beanmanager]",
        "service jboss.deployment.unit.\"tse-wildfly-app.war\".weld.weldClassIntrospector is missing [jboss.deployment.unit.\"tse-wildfly-app.war\".WeldStartService, jboss.deployment.unit.\"tse-wildfly-app.war\".beanmanager]"
    ]
}
2025-09-15 13:29:36,502 ERROR [org.jboss.as.server] (management-handler-thread - 3) WFLYSRV0021: Deploy of deployment "tse-wildfly-app.war" was rolled back with the following failure message: 
{
    "WFLYCTL0080: Failed services" => {"jboss.deployment.unit.\"tse-wildfly-app.war\".INSTALL" => "WFLYSRV0153: Failed to process phase INSTALL of deployment \"tse-wildfly-app.war\"
    Caused by: java.lang.IllegalArgumentException: WFLYEE0047: Incompatible conflicting binding at java:jboss/exported/tse-wildfly-app/UsuarioDataBean!com.practico1.app.data.UsuarioDataRemote source: org.jboss.as.ejb3.deployment.processors.EjbJndiBindingsDeploymentUnitProcessor$2@61512395"},
    "WFLYCTL0412: Required services that are not installed:" => [
        "jboss.deployment.unit.\"tse-wildfly-app.war\".beanmanager",
        "jboss.deployment.unit.\"tse-wildfly-app.war\".WeldStartService"
    ],
    "WFLYCTL0180: Services with missing/unavailable dependencies" => [
        "service jboss.deployment.unit.\"tse-wildfly-app.war\".batch.artifact.factory is missing [jboss.deployment.unit.\"tse-wildfly-app.war\".beanmanager]",
        "service jboss.deployment.unit.\"tse-wildfly-app.war\".weld.weldClassIntrospector is missing [jboss.deployment.unit.\"tse-wildfly-app.war\".WeldStartService, jboss.deployment.unit.\"tse-wildfly-app.war\".beanmanager]"
    ]
}
2025-09-15 13:29:36,522 INFO  [org.jboss.as.server.deployment] (MSC service thread 1-9) WFLYSRV0028: Stopped deployment tse-wildfly-app.war (runtime-name: tse-wildfly-app.war) in 20ms
2025-09-15 13:30:38,843 INFO  [org.jboss.as.repository] (management-handler-thread - 3) WFLYDR0001: Content added at location C:\TSE\wildfly-37.0.1.Final\standalone\data\content\4b\ca88db5caa91bda07f96f0e4a55a0b1e7efaf3\content
2025-09-15 13:30:38,848 INFO  [org.jboss.as.server.deployment] (MSC service thread 1-5) WFLYSRV0027: Starting deployment of "tse-wildfly-app.war" (runtime-name: "tse-wildfly-app.war")
2025-09-15 13:30:39,184 INFO  [org.jboss.weld.deployer] (MSC service thread 1-5) WFLYWELD0003: Processing weld deployment tse-wildfly-app.war
2025-09-15 13:30:39,217 INFO  [org.jboss.as.ejb3.deployment] (MSC service thread 1-5) WFLYEJB0473: JNDI bindings for session bean named 'UsuarioDataBean' in deployment unit 'deployment "tse-wildfly-app.war"' are as follows:

	java:global/tse-wildfly-app/UsuarioDataBean!com.practico1.app.data.UsuarioDataLocal
	java:app/tse-wildfly-app/UsuarioDataBean!com.practico1.app.data.UsuarioDataLocal
	java:module/UsuarioDataBean!com.practico1.app.data.UsuarioDataLocal
	java:global/tse-wildfly-app/UsuarioDataBean!com.practico1.app.data.UsuarioDataRemote
	java:app/tse-wildfly-app/UsuarioDataBean!com.practico1.app.data.UsuarioDataRemote
	java:module/UsuarioDataBean!com.practico1.app.data.UsuarioDataRemote
	java:jboss/exported/tse-wildfly-app/UsuarioDataBean!com.practico1.app.data.UsuarioDataRemote
	ejb:/tse-wildfly-app/UsuarioDataBean!com.practico1.app.data.UsuarioDataRemote

2025-09-15 13:30:39,218 INFO  [org.jboss.as.ejb3.deployment] (MSC service thread 1-5) WFLYEJB0473: JNDI bindings for session bean named 'UsuarioBusinessBean' in deployment unit 'deployment "tse-wildfly-app.war"' are as follows:

	java:global/tse-wildfly-app/UsuarioBusinessBean!com.practico1.app.business.UsuarioBusinessRemote
	java:app/tse-wildfly-app/UsuarioBusinessBean!com.practico1.app.business.UsuarioBusinessRemote
	java:module/UsuarioBusinessBean!com.practico1.app.business.UsuarioBusinessRemote
	java:jboss/exported/tse-wildfly-app/UsuarioBusinessBean!com.practico1.app.business.UsuarioBusinessRemote
	ejb:/tse-wildfly-app/UsuarioBusinessBean!com.practico1.app.business.UsuarioBusinessRemote
	java:global/tse-wildfly-app/UsuarioBusinessBean!com.practico1.app.business.UsuarioBusinessLocal
	java:app/tse-wildfly-app/UsuarioBusinessBean!com.practico1.app.business.UsuarioBusinessLocal
	java:module/UsuarioBusinessBean!com.practico1.app.business.UsuarioBusinessLocal

2025-09-15 13:30:39,285 ERROR [org.jboss.msc.service.fail] (MSC service thread 1-2) MSC000001: Failed to start service jboss.deployment.unit."tse-wildfly-app.war".INSTALL: org.jboss.msc.service.StartException in service jboss.deployment.unit."tse-wildfly-app.war".INSTALL: WFLYSRV0153: Failed to process phase INSTALL of deployment "tse-wildfly-app.war"
	at org.jboss.as.server@29.0.1.Final//org.jboss.as.server.deployment.DeploymentUnitPhaseService.start(DeploymentUnitPhaseService.java:172)
	at org.jboss.msc@1.5.6.Final//org.jboss.msc.service.ServiceControllerImpl$StartTask.startService(ServiceControllerImpl.java:1553)
	at org.jboss.msc@1.5.6.Final//org.jboss.msc.service.ServiceControllerImpl$StartTask.execute(ServiceControllerImpl.java:1516)
	at org.jboss.msc@1.5.6.Final//org.jboss.msc.service.ServiceControllerImpl$ControllerTask.run(ServiceControllerImpl.java:1374)
	at org.jboss.threads@3.9.1//org.jboss.threads.ContextHandler$1.runWith(ContextHandler.java:18)
	at org.jboss.threads@3.9.1//org.jboss.threads.EnhancedQueueExecutor$Task.doRunWith(EnhancedQueueExecutor.java:2651)
	at org.jboss.threads@3.9.1//org.jboss.threads.EnhancedQueueExecutor$Task.run(EnhancedQueueExecutor.java:2630)
	at org.jboss.threads@3.9.1//org.jboss.threads.EnhancedQueueExecutor.runThreadBody(EnhancedQueueExecutor.java:1622)
	at org.jboss.threads@3.9.1//org.jboss.threads.EnhancedQueueExecutor$ThreadBody.run(EnhancedQueueExecutor.java:1589)
	at java.base/java.lang.Thread.run(Thread.java:1447)
Caused by: java.lang.IllegalArgumentException: WFLYEE0047: Incompatible conflicting binding at java:jboss/exported/tse-wildfly-app/UsuarioDataBean!com.practico1.app.data.UsuarioDataRemote source: org.jboss.as.ejb3.deployment.processors.EjbJndiBindingsDeploymentUnitProcessor$2@7dd7a5fc
	at org.jboss.as.ee@37.0.1.Final//org.jboss.as.ee.component.deployers.ModuleJndiBindingProcessor.addJndiBinding(ModuleJndiBindingProcessor.java:286)
	at org.jboss.as.ee@37.0.1.Final//org.jboss.as.ee.component.deployers.ModuleJndiBindingProcessor.deploy(ModuleJndiBindingProcessor.java:107)
	at org.jboss.as.server@29.0.1.Final//org.jboss.as.server.deployment.DeploymentUnitPhaseService.start(DeploymentUnitPhaseService.java:165)
	... 9 more

2025-09-15 13:30:39,287 ERROR [org.jboss.as.controller.management-operation] (management-handler-thread - 3) WFLYCTL0013: Operation ("add") failed - address: ([("deployment" => "tse-wildfly-app.war")]) - Stage: (VERIFY) - failure description: {
    "WFLYCTL0080: Failed services" => {"jboss.deployment.unit.\"tse-wildfly-app.war\".INSTALL" => "WFLYSRV0153: Failed to process phase INSTALL of deployment \"tse-wildfly-app.war\"
    Caused by: java.lang.IllegalArgumentException: WFLYEE0047: Incompatible conflicting binding at java:jboss/exported/tse-wildfly-app/UsuarioDataBean!com.practico1.app.data.UsuarioDataRemote source: org.jboss.as.ejb3.deployment.processors.EjbJndiBindingsDeploymentUnitProcessor$2@7dd7a5fc"},
    "WFLYCTL0412: Required services that are not installed:" => [
        "jboss.deployment.unit.\"tse-wildfly-app.war\".beanmanager",
        "jboss.deployment.unit.\"tse-wildfly-app.war\".WeldStartService"
    ],
    "WFLYCTL0180: Services with missing/unavailable dependencies" => [
        "service jboss.deployment.unit.\"tse-wildfly-app.war\".weld.weldClassIntrospector is missing [jboss.deployment.unit.\"tse-wildfly-app.war\".WeldStartService, jboss.deployment.unit.\"tse-wildfly-app.war\".beanmanager]",
        "service jboss.deployment.unit.\"tse-wildfly-app.war\".batch.artifact.factory is missing [jboss.deployment.unit.\"tse-wildfly-app.war\".beanmanager]"
    ]
}
2025-09-15 13:30:39,288 ERROR [org.jboss.as.controller.management-operation] (management-handler-thread - 3) WFLYCTL0013: Operation ("add") failed - address: ([("deployment" => "tse-wildfly-app.war")]) - Stage: (VERIFY) - failure description: {
    "WFLYCTL0080: Failed services" => {"jboss.deployment.unit.\"tse-wildfly-app.war\".INSTALL" => "WFLYSRV0153: Failed to process phase INSTALL of deployment \"tse-wildfly-app.war\"
    Caused by: java.lang.IllegalArgumentException: WFLYEE0047: Incompatible conflicting binding at java:jboss/exported/tse-wildfly-app/UsuarioDataBean!com.practico1.app.data.UsuarioDataRemote source: org.jboss.as.ejb3.deployment.processors.EjbJndiBindingsDeploymentUnitProcessor$2@7dd7a5fc"},
    "WFLYCTL0412: Required services that are not installed:" => [
        "jboss.deployment.unit.\"tse-wildfly-app.war\".beanmanager",
        "jboss.deployment.unit.\"tse-wildfly-app.war\".WeldStartService"
    ],
    "WFLYCTL0180: Services with missing/unavailable dependencies" => [
        "service jboss.deployment.unit.\"tse-wildfly-app.war\".weld.weldClassIntrospector is missing [jboss.deployment.unit.\"tse-wildfly-app.war\".WeldStartService, jboss.deployment.unit.\"tse-wildfly-app.war\".beanmanager]",
        "service jboss.deployment.unit.\"tse-wildfly-app.war\".batch.artifact.factory is missing [jboss.deployment.unit.\"tse-wildfly-app.war\".beanmanager]"
    ]
}
2025-09-15 13:30:39,290 ERROR [org.jboss.as.server] (management-handler-thread - 3) WFLYSRV0021: Deploy of deployment "tse-wildfly-app.war" was rolled back with the following failure message: 
{
    "WFLYCTL0080: Failed services" => {"jboss.deployment.unit.\"tse-wildfly-app.war\".INSTALL" => "WFLYSRV0153: Failed to process phase INSTALL of deployment \"tse-wildfly-app.war\"
    Caused by: java.lang.IllegalArgumentException: WFLYEE0047: Incompatible conflicting binding at java:jboss/exported/tse-wildfly-app/UsuarioDataBean!com.practico1.app.data.UsuarioDataRemote source: org.jboss.as.ejb3.deployment.processors.EjbJndiBindingsDeploymentUnitProcessor$2@7dd7a5fc"},
    "WFLYCTL0412: Required services that are not installed:" => [
        "jboss.deployment.unit.\"tse-wildfly-app.war\".beanmanager",
        "jboss.deployment.unit.\"tse-wildfly-app.war\".WeldStartService"
    ],
    "WFLYCTL0180: Services with missing/unavailable dependencies" => [
        "service jboss.deployment.unit.\"tse-wildfly-app.war\".weld.weldClassIntrospector is missing [jboss.deployment.unit.\"tse-wildfly-app.war\".WeldStartService, jboss.deployment.unit.\"tse-wildfly-app.war\".beanmanager]",
        "service jboss.deployment.unit.\"tse-wildfly-app.war\".batch.artifact.factory is missing [jboss.deployment.unit.\"tse-wildfly-app.war\".beanmanager]"
    ]
}
2025-09-15 13:30:39,317 INFO  [org.jboss.as.server.deployment] (MSC service thread 1-3) WFLYSRV0028: Stopped deployment tse-wildfly-app.war (runtime-name: tse-wildfly-app.war) in 26ms
2025-09-15 13:30:51,055 INFO  [org.jboss.as.server.deployment] (MSC service thread 1-7) WFLYSRV0027: Starting deployment of "tse-wildfly-app.war" (runtime-name: "tse-wildfly-app.war")
2025-09-15 13:30:51,284 INFO  [org.jboss.weld.deployer] (MSC service thread 1-4) WFLYWELD0003: Processing weld deployment tse-wildfly-app.war
2025-09-15 13:30:51,309 INFO  [org.jboss.as.ejb3.deployment] (MSC service thread 1-4) WFLYEJB0473: JNDI bindings for session bean named 'UsuarioDataBean' in deployment unit 'deployment "tse-wildfly-app.war"' are as follows:

	java:global/tse-wildfly-app/UsuarioDataBean!com.practico1.app.data.UsuarioDataLocal
	java:app/tse-wildfly-app/UsuarioDataBean!com.practico1.app.data.UsuarioDataLocal
	java:module/UsuarioDataBean!com.practico1.app.data.UsuarioDataLocal
	java:global/tse-wildfly-app/UsuarioDataBean!com.practico1.app.data.UsuarioDataRemote
	java:app/tse-wildfly-app/UsuarioDataBean!com.practico1.app.data.UsuarioDataRemote
	java:module/UsuarioDataBean!com.practico1.app.data.UsuarioDataRemote
	java:jboss/exported/tse-wildfly-app/UsuarioDataBean!com.practico1.app.data.UsuarioDataRemote
	ejb:/tse-wildfly-app/UsuarioDataBean!com.practico1.app.data.UsuarioDataRemote

2025-09-15 13:30:51,310 INFO  [org.jboss.as.ejb3.deployment] (MSC service thread 1-4) WFLYEJB0473: JNDI bindings for session bean named 'UsuarioBusinessBean' in deployment unit 'deployment "tse-wildfly-app.war"' are as follows:

	java:global/tse-wildfly-app/UsuarioBusinessBean!com.practico1.app.business.UsuarioBusinessRemote
	java:app/tse-wildfly-app/UsuarioBusinessBean!com.practico1.app.business.UsuarioBusinessRemote
	java:module/UsuarioBusinessBean!com.practico1.app.business.UsuarioBusinessRemote
	java:jboss/exported/tse-wildfly-app/UsuarioBusinessBean!com.practico1.app.business.UsuarioBusinessRemote
	ejb:/tse-wildfly-app/UsuarioBusinessBean!com.practico1.app.business.UsuarioBusinessRemote
	java:global/tse-wildfly-app/UsuarioBusinessBean!com.practico1.app.business.UsuarioBusinessLocal
	java:app/tse-wildfly-app/UsuarioBusinessBean!com.practico1.app.business.UsuarioBusinessLocal
	java:module/UsuarioBusinessBean!com.practico1.app.business.UsuarioBusinessLocal

2025-09-15 13:30:51,368 ERROR [org.jboss.msc.service.fail] (MSC service thread 1-8) MSC000001: Failed to start service jboss.deployment.unit."tse-wildfly-app.war".INSTALL: org.jboss.msc.service.StartException in service jboss.deployment.unit."tse-wildfly-app.war".INSTALL: WFLYSRV0153: Failed to process phase INSTALL of deployment "tse-wildfly-app.war"
	at org.jboss.as.server@29.0.1.Final//org.jboss.as.server.deployment.DeploymentUnitPhaseService.start(DeploymentUnitPhaseService.java:172)
	at org.jboss.msc@1.5.6.Final//org.jboss.msc.service.ServiceControllerImpl$StartTask.startService(ServiceControllerImpl.java:1553)
	at org.jboss.msc@1.5.6.Final//org.jboss.msc.service.ServiceControllerImpl$StartTask.execute(ServiceControllerImpl.java:1516)
	at org.jboss.msc@1.5.6.Final//org.jboss.msc.service.ServiceControllerImpl$ControllerTask.run(ServiceControllerImpl.java:1374)
	at org.jboss.threads@3.9.1//org.jboss.threads.ContextHandler$1.runWith(ContextHandler.java:18)
	at org.jboss.threads@3.9.1//org.jboss.threads.EnhancedQueueExecutor$Task.doRunWith(EnhancedQueueExecutor.java:2651)
	at org.jboss.threads@3.9.1//org.jboss.threads.EnhancedQueueExecutor$Task.run(EnhancedQueueExecutor.java:2630)
	at org.jboss.threads@3.9.1//org.jboss.threads.EnhancedQueueExecutor.runThreadBody(EnhancedQueueExecutor.java:1622)
	at org.jboss.threads@3.9.1//org.jboss.threads.EnhancedQueueExecutor$ThreadBody.run(EnhancedQueueExecutor.java:1589)
	at java.base/java.lang.Thread.run(Thread.java:1447)
Caused by: java.lang.IllegalArgumentException: WFLYEE0047: Incompatible conflicting binding at java:jboss/exported/tse-wildfly-app/UsuarioDataBean!com.practico1.app.data.UsuarioDataRemote source: org.jboss.as.ejb3.deployment.processors.EjbJndiBindingsDeploymentUnitProcessor$2@438ae58d
	at org.jboss.as.ee@37.0.1.Final//org.jboss.as.ee.component.deployers.ModuleJndiBindingProcessor.addJndiBinding(ModuleJndiBindingProcessor.java:286)
	at org.jboss.as.ee@37.0.1.Final//org.jboss.as.ee.component.deployers.ModuleJndiBindingProcessor.deploy(ModuleJndiBindingProcessor.java:107)
	at org.jboss.as.server@29.0.1.Final//org.jboss.as.server.deployment.DeploymentUnitPhaseService.start(DeploymentUnitPhaseService.java:165)
	... 9 more

2025-09-15 13:30:51,370 ERROR [org.jboss.as.controller.management-operation] (ServerService Thread Pool -- 130) WFLYCTL0013: Operation ("deploy") failed - address: ([("deployment" => "tse-wildfly-app.war")]) - Stage: (VERIFY) - failure description: {
    "WFLYCTL0080: Failed services" => {"jboss.deployment.unit.\"tse-wildfly-app.war\".INSTALL" => "WFLYSRV0153: Failed to process phase INSTALL of deployment \"tse-wildfly-app.war\"
    Caused by: java.lang.IllegalArgumentException: WFLYEE0047: Incompatible conflicting binding at java:jboss/exported/tse-wildfly-app/UsuarioDataBean!com.practico1.app.data.UsuarioDataRemote source: org.jboss.as.ejb3.deployment.processors.EjbJndiBindingsDeploymentUnitProcessor$2@438ae58d"},
    "WFLYCTL0412: Required services that are not installed:" => [
        "jboss.deployment.unit.\"tse-wildfly-app.war\".beanmanager",
        "jboss.deployment.unit.\"tse-wildfly-app.war\".WeldStartService"
    ],
    "WFLYCTL0180: Services with missing/unavailable dependencies" => [
        "service jboss.deployment.unit.\"tse-wildfly-app.war\".weld.weldClassIntrospector is missing [jboss.deployment.unit.\"tse-wildfly-app.war\".WeldStartService, jboss.deployment.unit.\"tse-wildfly-app.war\".beanmanager]",
        "service jboss.deployment.unit.\"tse-wildfly-app.war\".batch.artifact.factory is missing [jboss.deployment.unit.\"tse-wildfly-app.war\".beanmanager]"
    ]
}
2025-09-15 13:30:51,397 INFO  [org.jboss.as.server] (ServerService Thread Pool -- 130) WFLYSRV0010: Deployed "tse-wildfly-app.war" (runtime-name : "tse-wildfly-app.war")
2025-09-15 13:30:51,398 INFO  [org.jboss.as.controller] (ServerService Thread Pool -- 130) WFLYCTL0183: Service status report
WFLYCTL0184:    New missing/unsatisfied dependencies:
      service jboss.deployment.unit."tse-wildfly-app.war".WeldStartService (missing) dependents: [service jboss.deployment.unit."tse-wildfly-app.war".weld.weldClassIntrospector] 
      service jboss.deployment.unit."tse-wildfly-app.war".beanmanager (missing) dependents: [service jboss.deployment.unit."tse-wildfly-app.war".batch.artifact.factory, service jboss.deployment.unit."tse-wildfly-app.war".weld.weldClassIntrospector] 
WFLYCTL0186:   Services which failed to start:      service jboss.deployment.unit."tse-wildfly-app.war".INSTALL: WFLYSRV0153: Failed to process phase INSTALL of deployment "tse-wildfly-app.war"
WFLYCTL0448: 2 additional services are down due to their dependencies being missing or failed
2025-09-15 13:31:11,444 INFO  [org.jboss.as.server.deployment] (MSC service thread 1-4) WFLYSRV0028: Stopped deployment tse-wildfly-app.war (runtime-name: tse-wildfly-app.war) in 14ms
2025-09-15 13:31:11,445 INFO  [org.jboss.as.server.deployment] (MSC service thread 1-2) WFLYSRV0027: Starting deployment of "tse-wildfly-app.war" (runtime-name: "tse-wildfly-app.war")
2025-09-15 13:31:11,649 INFO  [org.jboss.weld.deployer] (MSC service thread 1-9) WFLYWELD0003: Processing weld deployment tse-wildfly-app.war
2025-09-15 13:31:11,674 INFO  [org.jboss.as.ejb3.deployment] (MSC service thread 1-9) WFLYEJB0473: JNDI bindings for session bean named 'UsuarioDataBean' in deployment unit 'deployment "tse-wildfly-app.war"' are as follows:

	java:global/tse-wildfly-app/UsuarioDataBean!com.practico1.app.data.UsuarioDataLocal
	java:app/tse-wildfly-app/UsuarioDataBean!com.practico1.app.data.UsuarioDataLocal
	java:module/UsuarioDataBean!com.practico1.app.data.UsuarioDataLocal
	java:global/tse-wildfly-app/UsuarioDataBean!com.practico1.app.data.UsuarioDataRemote
	java:app/tse-wildfly-app/UsuarioDataBean!com.practico1.app.data.UsuarioDataRemote
	java:module/UsuarioDataBean!com.practico1.app.data.UsuarioDataRemote
	java:jboss/exported/tse-wildfly-app/UsuarioDataBean!com.practico1.app.data.UsuarioDataRemote
	ejb:/tse-wildfly-app/UsuarioDataBean!com.practico1.app.data.UsuarioDataRemote

2025-09-15 13:31:11,675 INFO  [org.jboss.as.ejb3.deployment] (MSC service thread 1-9) WFLYEJB0473: JNDI bindings for session bean named 'UsuarioBusinessBean' in deployment unit 'deployment "tse-wildfly-app.war"' are as follows:

	java:global/tse-wildfly-app/UsuarioBusinessBean!com.practico1.app.business.UsuarioBusinessRemote
	java:app/tse-wildfly-app/UsuarioBusinessBean!com.practico1.app.business.UsuarioBusinessRemote
	java:module/UsuarioBusinessBean!com.practico1.app.business.UsuarioBusinessRemote
	java:jboss/exported/tse-wildfly-app/UsuarioBusinessBean!com.practico1.app.business.UsuarioBusinessRemote
	ejb:/tse-wildfly-app/UsuarioBusinessBean!com.practico1.app.business.UsuarioBusinessRemote
	java:global/tse-wildfly-app/UsuarioBusinessBean!com.practico1.app.business.UsuarioBusinessLocal
	java:app/tse-wildfly-app/UsuarioBusinessBean!com.practico1.app.business.UsuarioBusinessLocal
	java:module/UsuarioBusinessBean!com.practico1.app.business.UsuarioBusinessLocal

2025-09-15 13:31:11,751 ERROR [org.jboss.msc.service.fail] (MSC service thread 1-4) MSC000001: Failed to start service jboss.deployment.unit."tse-wildfly-app.war".INSTALL: org.jboss.msc.service.StartException in service jboss.deployment.unit."tse-wildfly-app.war".INSTALL: WFLYSRV0153: Failed to process phase INSTALL of deployment "tse-wildfly-app.war"
	at org.jboss.as.server@29.0.1.Final//org.jboss.as.server.deployment.DeploymentUnitPhaseService.start(DeploymentUnitPhaseService.java:172)
	at org.jboss.msc@1.5.6.Final//org.jboss.msc.service.ServiceControllerImpl$StartTask.startService(ServiceControllerImpl.java:1553)
	at org.jboss.msc@1.5.6.Final//org.jboss.msc.service.ServiceControllerImpl$StartTask.execute(ServiceControllerImpl.java:1516)
	at org.jboss.msc@1.5.6.Final//org.jboss.msc.service.ServiceControllerImpl$ControllerTask.run(ServiceControllerImpl.java:1374)
	at org.jboss.threads@3.9.1//org.jboss.threads.ContextHandler$1.runWith(ContextHandler.java:18)
	at org.jboss.threads@3.9.1//org.jboss.threads.EnhancedQueueExecutor$Task.doRunWith(EnhancedQueueExecutor.java:2651)
	at org.jboss.threads@3.9.1//org.jboss.threads.EnhancedQueueExecutor$Task.run(EnhancedQueueExecutor.java:2630)
	at org.jboss.threads@3.9.1//org.jboss.threads.EnhancedQueueExecutor.runThreadBody(EnhancedQueueExecutor.java:1694)
	at org.jboss.threads@3.9.1//org.jboss.threads.EnhancedQueueExecutor$ThreadBody.run(EnhancedQueueExecutor.java:1589)
	at java.base/java.lang.Thread.run(Thread.java:1447)
Caused by: java.lang.IllegalArgumentException: WFLYEE0047: Incompatible conflicting binding at java:jboss/exported/tse-wildfly-app/UsuarioDataBean!com.practico1.app.data.UsuarioDataRemote source: org.jboss.as.ejb3.deployment.processors.EjbJndiBindingsDeploymentUnitProcessor$2@5797d917
	at org.jboss.as.ee@37.0.1.Final//org.jboss.as.ee.component.deployers.ModuleJndiBindingProcessor.addJndiBinding(ModuleJndiBindingProcessor.java:286)
	at org.jboss.as.ee@37.0.1.Final//org.jboss.as.ee.component.deployers.ModuleJndiBindingProcessor.deploy(ModuleJndiBindingProcessor.java:107)
	at org.jboss.as.server@29.0.1.Final//org.jboss.as.server.deployment.DeploymentUnitPhaseService.start(DeploymentUnitPhaseService.java:165)
	... 9 more

2025-09-15 13:31:11,753 ERROR [org.jboss.as.controller.management-operation] (ServerService Thread Pool -- 133) WFLYCTL0013: Operation ("full-replace-deployment") failed - address: ([]) - Stage: (VERIFY) - failure description: {
    "WFLYCTL0080: Failed services" => {"jboss.deployment.unit.\"tse-wildfly-app.war\".INSTALL" => "WFLYSRV0153: Failed to process phase INSTALL of deployment \"tse-wildfly-app.war\"
    Caused by: java.lang.IllegalArgumentException: WFLYEE0047: Incompatible conflicting binding at java:jboss/exported/tse-wildfly-app/UsuarioDataBean!com.practico1.app.data.UsuarioDataRemote source: org.jboss.as.ejb3.deployment.processors.EjbJndiBindingsDeploymentUnitProcessor$2@5797d917"},
    "WFLYCTL0412: Required services that are not installed:" => [
        "jboss.deployment.unit.\"tse-wildfly-app.war\".beanmanager",
        "jboss.deployment.unit.\"tse-wildfly-app.war\".WeldStartService"
    ],
    "WFLYCTL0180: Services with missing/unavailable dependencies" => [
        "service jboss.deployment.unit.\"tse-wildfly-app.war\".batch.artifact.factory is missing [jboss.deployment.unit.\"tse-wildfly-app.war\".beanmanager]",
        "service jboss.deployment.unit.\"tse-wildfly-app.war\".weld.weldClassIntrospector is missing [jboss.deployment.unit.\"tse-wildfly-app.war\".WeldStartService, jboss.deployment.unit.\"tse-wildfly-app.war\".beanmanager]"
    ]
}
2025-09-15 13:31:11,779 INFO  [org.jboss.as.server] (ServerService Thread Pool -- 133) WFLYSRV0016: Replaced deployment "tse-wildfly-app.war" with deployment "tse-wildfly-app.war"
2025-09-15 13:31:11,780 INFO  [org.jboss.as.controller] (ServerService Thread Pool -- 133) WFLYCTL0183: Service status report
WFLYCTL0186:   Services which failed to start:      service jboss.deployment.unit."tse-wildfly-app.war".INSTALL: WFLYSRV0153: Failed to process phase INSTALL of deployment "tse-wildfly-app.war"

2025-09-15 13:33:06,891 INFO  [org.jboss.as.server.deployment] (MSC service thread 1-5) WFLYSRV0028: Stopped deployment tse-wildfly-app.war (runtime-name: tse-wildfly-app.war) in 27ms
2025-09-15 13:33:06,938 INFO  [org.jboss.as.repository] (ServerService Thread Pool -- 135) WFLYDR0002: Content removed from location C:\TSE\wildfly-37.0.1.Final\standalone\data\content\4b\ca88db5caa91bda07f96f0e4a55a0b1e7efaf3\content
2025-09-15 13:33:06,939 INFO  [org.jboss.as.server] (ServerService Thread Pool -- 135) WFLYSRV0009: Undeployed "tse-wildfly-app.war" (runtime-name: "tse-wildfly-app.war")
2025-09-15 13:33:06,939 INFO  [org.jboss.as.controller] (ServerService Thread Pool -- 135) WFLYCTL0183: Service status report
WFLYCTL0185:    Newly corrected services:
      service jboss.deployment.unit."tse-wildfly-app.war".WeldStartService (no longer required)
      service jboss.deployment.unit."tse-wildfly-app.war".batch.artifact.factory (no longer required)
      service jboss.deployment.unit."tse-wildfly-app.war".batch.environment (no longer required)
      service jboss.deployment.unit."tse-wildfly-app.war".beanmanager (no longer required)

2025-09-15 13:33:16,971 INFO  [org.jboss.as.repository] (ServerService Thread Pool -- 137) WFLYDR0001: Content added at location C:\TSE\wildfly-37.0.1.Final\standalone\data\content\cc\1c0b2d4309ee30d9e8f147df80939383c208e3\content
2025-09-15 13:33:16,974 INFO  [org.jboss.as.server.deployment] (MSC service thread 1-6) WFLYSRV0027: Starting deployment of "tse-wildfly-app.war" (runtime-name: "tse-wildfly-app.war")
2025-09-15 13:33:17,207 INFO  [org.jboss.weld.deployer] (MSC service thread 1-6) WFLYWELD0003: Processing weld deployment tse-wildfly-app.war
2025-09-15 13:33:17,236 INFO  [org.jboss.as.ejb3.deployment] (MSC service thread 1-6) WFLYEJB0473: JNDI bindings for session bean named 'UsuarioDataBean' in deployment unit 'deployment "tse-wildfly-app.war"' are as follows:

	java:global/tse-wildfly-app/UsuarioDataBean!com.practico1.app.data.UsuarioDataLocal
	java:app/tse-wildfly-app/UsuarioDataBean!com.practico1.app.data.UsuarioDataLocal
	java:module/UsuarioDataBean!com.practico1.app.data.UsuarioDataLocal
	java:global/tse-wildfly-app/UsuarioDataBean
	java:app/tse-wildfly-app/UsuarioDataBean
	java:module/UsuarioDataBean

2025-09-15 13:33:17,236 INFO  [org.jboss.as.ejb3.deployment] (MSC service thread 1-6) WFLYEJB0473: JNDI bindings for session bean named 'UsuarioBusinessBean' in deployment unit 'deployment "tse-wildfly-app.war"' are as follows:

	java:global/tse-wildfly-app/UsuarioBusinessBean!com.practico1.app.business.UsuarioBusinessLocal
	java:app/tse-wildfly-app/UsuarioBusinessBean!com.practico1.app.business.UsuarioBusinessLocal
	java:module/UsuarioBusinessBean!com.practico1.app.business.UsuarioBusinessLocal
	java:global/tse-wildfly-app/UsuarioBusinessBean
	java:app/tse-wildfly-app/UsuarioBusinessBean
	java:module/UsuarioBusinessBean

2025-09-15 13:33:17,718 INFO  [org.omnifaces.ApplicationInitializer] (ServerService Thread Pool -- 140) Using OmniFaces version 4.3
2025-09-15 13:33:17,754 INFO  [jakarta.enterprise.resource.webcontainer.faces.config] (ServerService Thread Pool -- 140) Initializing Mojarra 4.0.11 for context '/tse-wildfly-app'
2025-09-15 13:33:17,905 INFO  [org.wildfly.extension.undertow] (ServerService Thread Pool -- 140) WFLYUT0021: Registered web context: '/tse-wildfly-app' for server 'default-server'
2025-09-15 13:33:17,934 INFO  [org.jboss.as.server] (ServerService Thread Pool -- 137) WFLYSRV0010: Deployed "tse-wildfly-app.war" (runtime-name : "tse-wildfly-app.war")
2025-09-15 13:36:28,872 INFO  [org.jboss.as.repository] (ServerService Thread Pool -- 93) WFLYDR0009: Content C:\TSE\wildfly-37.0.1.Final\standalone\data\content\f9\9cf9a0e739563999a9454d41b8f6a94bd228fb is obsolete and will be removed
2025-09-15 13:36:28,875 INFO  [org.jboss.as.repository] (ServerService Thread Pool -- 93) WFLYDR0002: Content removed from location C:\TSE\wildfly-37.0.1.Final\standalone\data\content\f9\9cf9a0e739563999a9454d41b8f6a94bd228fb\content
2025-09-15 14:54:57,650 INFO  [org.jboss.as.repository] (management-handler-thread - 4) WFLYDR0001: Content added at location C:\TSE\wildfly-37.0.1.Final\standalone\data\content\57\014e7d8933d6d7439aee7042b94d39cc62dffe\content
2025-09-15 14:54:57,675 INFO  [org.wildfly.extension.undertow] (ServerService Thread Pool -- 146) WFLYUT0022: Unregistered web context: '/tse-wildfly-app' from server 'default-server'
2025-09-15 14:54:57,816 INFO  [org.jboss.as.server.deployment] (MSC service thread 1-8) WFLYSRV0028: Stopped deployment tse-wildfly-app.war (runtime-name: tse-wildfly-app.war) in 148ms
2025-09-15 14:54:57,822 INFO  [org.jboss.as.server.deployment] (MSC service thread 1-9) WFLYSRV0027: Starting deployment of "tse-wildfly-app.war" (runtime-name: "tse-wildfly-app.war")
2025-09-15 14:54:58,374 INFO  [org.jboss.weld.deployer] (MSC service thread 1-7) WFLYWELD0003: Processing weld deployment tse-wildfly-app.war
2025-09-15 14:54:58,423 INFO  [org.jboss.as.ejb3.deployment] (MSC service thread 1-7) WFLYEJB0473: JNDI bindings for session bean named 'UsuarioDataBean' in deployment unit 'deployment "tse-wildfly-app.war"' are as follows:

	java:global/tse-wildfly-app/UsuarioDataBean!com.practico1.app.data.UsuarioDataLocal
	java:app/tse-wildfly-app/UsuarioDataBean!com.practico1.app.data.UsuarioDataLocal
	java:module/UsuarioDataBean!com.practico1.app.data.UsuarioDataLocal
	java:global/tse-wildfly-app/UsuarioDataBean
	java:app/tse-wildfly-app/UsuarioDataBean
	java:module/UsuarioDataBean

2025-09-15 14:54:58,425 INFO  [org.jboss.as.ejb3.deployment] (MSC service thread 1-7) WFLYEJB0473: JNDI bindings for session bean named 'UsuarioBusinessBean' in deployment unit 'deployment "tse-wildfly-app.war"' are as follows:

	java:global/tse-wildfly-app/UsuarioBusinessBean!com.practico1.app.business.UsuarioBusinessLocal
	java:app/tse-wildfly-app/UsuarioBusinessBean!com.practico1.app.business.UsuarioBusinessLocal
	java:module/UsuarioBusinessBean!com.practico1.app.business.UsuarioBusinessLocal
	java:global/tse-wildfly-app/UsuarioBusinessBean
	java:app/tse-wildfly-app/UsuarioBusinessBean
	java:module/UsuarioBusinessBean

2025-09-15 14:54:59,128 INFO  [org.omnifaces.ApplicationInitializer] (ServerService Thread Pool -- 159) Using OmniFaces version 4.3
2025-09-15 14:54:59,197 INFO  [jakarta.enterprise.resource.webcontainer.faces.config] (ServerService Thread Pool -- 159) Initializing Mojarra 4.0.11 for context '/tse-wildfly-app'
2025-09-15 14:54:59,385 INFO  [org.wildfly.extension.undertow] (ServerService Thread Pool -- 159) WFLYUT0021: Registered web context: '/tse-wildfly-app' for server 'default-server'
2025-09-15 14:54:59,455 INFO  [org.jboss.as.server] (management-handler-thread - 4) WFLYSRV0016: Replaced deployment "tse-wildfly-app.war" with deployment "tse-wildfly-app.war"
2025-09-15 14:54:59,469 INFO  [org.jboss.as.repository] (management-handler-thread - 4) WFLYDR0002: Content removed from location C:\TSE\wildfly-37.0.1.Final\standalone\data\content\cc\1c0b2d4309ee30d9e8f147df80939383c208e3\content
